In file included from [01m[K/usr/include/c++/10/functional:59[m[K,
                 from [01m[K/usr/include/c++/10/pstl/glue_algorithm_defs.h:13[m[K,
                 from [01m[K/usr/include/c++/10/algorithm:74[m[K,
                 from [01m[K/home/hmcl/catkin_ws/src/gazebo_ros_pkgs/gazebo_plugins/src/gazebo_ros_skid_steer_drive.cpp:40[m[K:
[01m[K/usr/include/c++/10/bits/std_function.h:[m[K In copy constructor â€˜[01m[Kstd::function<_Res(_ArgTypes ...)>::function(const std::function<_Res(_ArgTypes ...)>&) [with _Res = void; _ArgTypes = {const gazebo::common::UpdateInfo&}][m[Kâ€™:
[01m[K/usr/include/c++/10/bits/std_function.h:597:5:[m[K [01;31m[Kinternal compiler error: [m[KSegmentation fault
  597 |     [01;31m[K}[m[K
      |     [01;31m[K^[m[K
0x7f775514308f ???
	/build/glibc-e2p3jK/glibc-2.31/signal/../sysdeps/unix/sysv/linux/x86_64/sigaction.c:0
0x7f7755124082 __libc_start_main
	../csu/libc-start.c:308
Please submit a full bug report,
with preprocessed source if appropriate.
Please include the complete backtrace with any bug report.
See <file:///usr/share/doc/gcc-10/README.Bugs> for instructions.
make[2]: *** [CMakeFiles/gazebo_ros_skid_steer_drive.dir/build.make:63: CMakeFiles/gazebo_ros_skid_steer_drive.dir/src/gazebo_ros_skid_steer_drive.cpp.o] Error 1
make[1]: *** [CMakeFiles/Makefile2:710: CMakeFiles/gazebo_ros_skid_steer_drive.dir/all] Error 2
make[1]: *** Waiting for unfinished jobs....
make: *** [Makefile:141: all] Error 2
